

Starting Time: Tue Nov 29 22:05:11 2016

Entire Dataset
+--------+---------+---------+
|   >50k |   <=50k |   Total |
+========+=========+=========+
|  11687 |   37155 |   48842 |
+--------+---------+---------+

MEAN/MODE of each feature by class.
+-------+-------+-------------+-------------+--------------------+-----------------+----------------+--------+-------+----------------+----------------+------------------+------------------+
|       |   age | workclass   | education   | marital-status     | occupation      | relationship   | race   | sex   |   capital-gain |   capital-loss |   hours-per-week | native-country   |
+=======+=======+=============+=============+====================+=================+================+========+=======+================+================+==================+==================+
| >50K  |    44 | Private     | Bachelors   | Married-civ-spouse | Exec-managerial | Husband        | White  | Male  |           4042 |            194 |               45 | United-States    |
+-------+-------+-------------+-------------+--------------------+-----------------+----------------+--------+-------+----------------+----------------+------------------+------------------+
| <=50K |    37 | Private     | HS-grad     | Never-married      | Adm-clerical    | Not-in-family  | White  | Male  |            147 |             54 |               39 | United-States    |
+-------+-------+-------------+-------------+--------------------+-----------------+----------------+--------+-------+----------------+----------------+------------------+------------------+
3620 records had missing feature values.
6465 feature values were replaced with mean/mode value for the class.

DISCRETIZATION
+----------------+------------+-----------------+----------------+
| capital-gain   |   0-7280.0 |   7280.0-7436.5 |   7436.5-99999 |
+================+============+=================+================+
| # samples      |      46788 |             379 |           1675 |
+----------------+------------+-----------------+----------------+

Confusion Matrix for Model Baseline
+--------+-----------+-------+
| -      | Predicted | -     |
+--------+-----------+-------+
| Actual | >50K      | <=50K |
+--------+-----------+-------+
| >50K   | 0         | 11687 |
+--------+-----------+-------+
| <=50K  | 0         | 37155 |
+--------+-----------+-------+


Confusion Matrix for Model 1
+--------+-----------+-------+
| -      | Predicted | -     |
+--------+-----------+-------+
| Actual | >50K      | <=50K |
+--------+-----------+-------+
| >50K   | 631       | 538   |
+--------+-----------+-------+
| <=50K  | 272       | 3444  |
+--------+-----------+-------+


Confusion Matrix for Model 2
+--------+-----------+-------+
| -      | Predicted | -     |
+--------+-----------+-------+
| Actual | >50K      | <=50K |
+--------+-----------+-------+
| >50K   | 678       | 491   |
+--------+-----------+-------+
| <=50K  | 318       | 3398  |
+--------+-----------+-------+


Confusion Matrix for Model 3
+--------+-----------+-------+
| -      | Predicted | -     |
+--------+-----------+-------+
| Actual | >50K      | <=50K |
+--------+-----------+-------+
| >50K   | 623       | 546   |
+--------+-----------+-------+
| <=50K  | 300       | 3416  |
+--------+-----------+-------+


Confusion Matrix for Model 4
+--------+-----------+-------+
| -      | Predicted | -     |
+--------+-----------+-------+
| Actual | >50K      | <=50K |
+--------+-----------+-------+
| >50K   | 644       | 525   |
+--------+-----------+-------+
| <=50K  | 268       | 3448  |
+--------+-----------+-------+


Confusion Matrix for Model 5
+--------+-----------+-------+
| -      | Predicted | -     |
+--------+-----------+-------+
| Actual | >50K      | <=50K |
+--------+-----------+-------+
| >50K   | 661       | 508   |
+--------+-----------+-------+
| <=50K  | 305       | 3411  |
+--------+-----------+-------+


Confusion Matrix for Model 6
+--------+-----------+-------+
| -      | Predicted | -     |
+--------+-----------+-------+
| Actual | >50K      | <=50K |
+--------+-----------+-------+
| >50K   | 649       | 520   |
+--------+-----------+-------+
| <=50K  | 303       | 3412  |
+--------+-----------+-------+


Confusion Matrix for Model 7
+--------+-----------+-------+
| -      | Predicted | -     |
+--------+-----------+-------+
| Actual | >50K      | <=50K |
+--------+-----------+-------+
| >50K   | 664       | 505   |
+--------+-----------+-------+
| <=50K  | 321       | 3394  |
+--------+-----------+-------+


Confusion Matrix for Model 8
+--------+-----------+-------+
| -      | Predicted | -     |
+--------+-----------+-------+
| Actual | >50K      | <=50K |
+--------+-----------+-------+
| >50K   | 633       | 535   |
+--------+-----------+-------+
| <=50K  | 306       | 3409  |
+--------+-----------+-------+


Confusion Matrix for Model 9
+--------+-----------+-------+
| -      | Predicted | -     |
+--------+-----------+-------+
| Actual | >50K      | <=50K |
+--------+-----------+-------+
| >50K   | 642       | 526   |
+--------+-----------+-------+
| <=50K  | 306       | 3409  |
+--------+-----------+-------+


Confusion Matrix for Model 10
+--------+-----------+-------+
| -      | Predicted | -     |
+--------+-----------+-------+
| Actual | >50K      | <=50K |
+--------+-----------+-------+
| >50K   | 673       | 495   |
+--------+-----------+-------+
| <=50K  | 296       | 3419  |
+--------+-----------+-------+



EVALUATION
+----------+-------------------+----------------+------------+-------------------+----------------+------------+------------+
| Models   |   Micro Precision |   Micro Recall |   Micro F1 |   Macro Precision |   Macro Recall |   Macro F1 |   Accuracy |
+==========+===================+================+============+===================+================+============+============+
| Baseline |          0.760718 |       0.760718 |   0.760718 |          0.380359 |       0.5      |   0.43205  |   0.760718 |
+----------+-------------------+----------------+------------+-------------------+----------------+------------+------------+
| Model 1  |          0.834186 |       0.834186 |   0.834186 |          0.781837 |       0.73329  |   0.751926 |   0.834186 |
+----------+-------------------+----------------+------------+-------------------+----------------+------------+------------+
| Model 2  |          0.834391 |       0.834391 |   0.834391 |          0.777235 |       0.747204 |   0.759975 |   0.834391 |
+----------+-------------------+----------------+------------+-------------------+----------------+------------+------------+
| Model 3  |          0.826817 |       0.826817 |   0.826817 |          0.768582 |       0.726101 |   0.742709 |   0.826817 |
+----------+-------------------+----------------+------------+-------------------+----------------+------------+------------+
| Model 4  |          0.837666 |       0.837666 |   0.837666 |          0.786999 |       0.739389 |   0.757899 |   0.837666 |
+----------+-------------------+----------------+------------+-------------------+----------------+------------+------------+
| Model 5  |          0.833572 |       0.833572 |   0.833572 |          0.77732  |       0.741682 |   0.75636  |   0.833572 |
+----------+-------------------+----------------+------------+-------------------+----------------+------------+------------+
| Model 6  |          0.831491 |       0.831491 |   0.831491 |          0.774737 |       0.736807 |   0.752176 |   0.831491 |
+----------+-------------------+----------------+------------+-------------------+----------------+------------+------------+
| Model 7  |          0.830876 |       0.830876 |   0.830876 |          0.772296 |       0.7408   |   0.754022 |   0.830876 |
+----------+-------------------+----------------+------------+-------------------+----------------+------------+------------+
| Model 8  |          0.82777  |       0.82777  |   0.82777  |          0.769236 |       0.729792 |   0.745524 |   0.82777  |
+----------+-------------------+----------------+------------+-------------------+----------------+------------+------------+
| Model 9  |          0.829613 |       0.829613 |   0.829613 |          0.771772 |       0.733644 |   0.749024 |   0.829613 |
+----------+-------------------+----------------+------------+-------------------+----------------+------------+------------+
| Model 10 |          0.838009 |       0.838009 |   0.838009 |          0.784031 |       0.748261 |   0.763086 |   0.838009 |
+----------+-------------------+----------------+------------+-------------------+----------------+------------+------------+
| Average  |          0.832439 |       0.832439 |   0.832439 |          0.776404 |       0.737697 |   0.75327  |   0.832439 |
+----------+-------------------+----------------+------------+-------------------+----------------+------------+------------+



Ending Time: Tue Nov 29 22:06:32 2016

